This is pdfeTeX, Version 3.141592-1.21a-2.2 (Web2C 7.5.4) (format=latex 2006.4.10)  20 MAR 2007 10:25
entering extended mode
**\makeatletter\def\HCode{\futurelet\HCode\HChar}\def\HChar{\ifx"\HCode\def\HCo
de"##1"{\Link##1}\expandafter\HCode\else\expandafter\Link\fi}\def\Link#1.a.b.c.
{\g@addto@macro\@documentclasshook{\RequirePackage[#1,html]{tex4ht}}\let\HCode\
documentstyle\def\documentstyle{\let\documentstyle\HCode\expandafter\def\csname
 tex4ht\endcsname{#1,html}\def\HCode####1{\documentstyle[tex4ht,}\@ifnextchar[{
\HCode}{\documentstyle[tex4ht]}}}\makeatother\HCode .a.b.c.\input  NNexusCode.t
ex
(./NNexusCode.tex (/sw/share/texmf-dist/tex/latex/base/article.cls
Document Class: article 2004/02/16 v1.4f Standard LaTeX document class
(/sw/share/texmf-dist/tex/latex/base/size10.clo
File: size10.clo 2004/02/16 v1.4f Standard LaTeX file (size option)
)
\c@part=\count79
\c@section=\count80
\c@subsection=\count81
\c@subsubsection=\count82
\c@paragraph=\count83
\c@subparagraph=\count84
\c@figure=\count85
\c@table=\count86
\abovecaptionskip=\skip41
\belowcaptionskip=\skip42
\bibindent=\dimen102
)
(/sw/share/texmf-local/tex/tex4ht/tex4ht.sty
version 2003-03-25-11:57
Package: tex4ht 
--- Note --- for _ at preamble, use the command line option `early_'
--- Note --- for ^ at preamble, use the command line option `early^'
)
(/sw/share/texmf-local/tex/tex4ht/usepackage.4ht
version 2003-04-11-18:58
)
(/sw/share/texmf-dist/tex/latex/preprint/fullpage.sty
Package: fullpage 1999/02/23 1.1 (PWD)
\FP@margin=\skip43
)
(/sw/share/texmf-dist/tex/latex/graphics/graphicx.sty
Package: graphicx 1999/02/16 v1.0f Enhanced LaTeX Graphics (DPC,SPQR)

(/sw/share/texmf-dist/tex/latex/graphics/keyval.sty
Package: keyval 1999/03/16 v1.13 key=value parser (DPC)
\KV@toks@=\toks14
)
(/sw/share/texmf-dist/tex/latex/graphics/graphics.sty
Package: graphics 2001/07/07 v1.0n Standard LaTeX Graphics (DPC,SPQR)

(/sw/share/texmf-dist/tex/latex/graphics/trig.sty
Package: trig 1999/03/16 v1.09 sin cos tan (DPC)
)
(/sw/share/texmf-dist/tex/latex/graphics/graphics.cfg
File: graphics.cfg 2005/02/03 v1.3 graphics configuration of teTeX/TeXLive
)
Package graphics Info: Driver file: dvips.def on input line 80.

(/sw/share/texmf-dist/tex/latex/graphics/dvips.def
File: dvips.def 1999/02/16 v3.0i Driver-dependant file (DPC,SPQR)
))
\Gin@req@height=\dimen103
\Gin@req@width=\dimen104
)
(/sw/share/texmf-local/tex/tex4ht/tex4ht.4ht
version 2003-01-15-17:48
--- Note --- for additional information, use the command line option `info'

::::::::::::::::::::::::::::::::::::::::::
 TeX4ht info is available in the log file 
::::::::::::::::::::::::::::::::::::::::::
) (/sw/share/texmf-local/tex/tex4ht/tex4ht.sty
version 2003-03-25-11:57

--- needs --- tex4ht NNexusCode ---
\tmp:cnt=\count87
\openout15 = `NNexusCode.tmp'.

(./NNexusCode.tmp)
\tmp:toks=\toks15
\tmp:dim=\skip44
 (./NNexusCode.xref)
\:refout=\write3
\openout3 = `NNexusCode.xref'.


(/sw/share/texmf-local/tex/tex4ht/html4.4ht
version 2003-04-11-18:57
--- \Configure{PROLOG}{VERSION,DOCTYPE,*XML-STYLESHEET} ---
--- Note --- to remove the DOCTYPE declaration use the command line option `no-
DOCTYPE'
)
(/sw/share/texmf-local/tex/tex4ht/html4-math.4ht
version 2003-04-11-18:57
)
--- Note --- for marking of the base font, use the command line option `fonts+'

--- Note --- for non active _, use the command line option `no_'
--- Note --- for _ of catcode 13, use the command line option `_13'
--- Note --- for non actine ^, use the command line option `no^'
--- Note --- for ^ of catcode 13, use the command line option `^13'

(/sw/share/texmf-local/tex/tex4ht/html4.4ht
version 2003-04-11-18:57
--- Note --- for alternative charset, use the command line option `charset=...'

--- Note --- for content and toc in 2 frames, use the command line option `fram
es'
--- Note --- for content, toc, and footnotes in 3 frames, use the command line 
option `frames-fn'
TeX4ht package options: html
--- Note --- for pop ups on mouse over, use the command line option `mouseover'

--- Note --- for addressing images in a subdirectory, use the command line opti
on `imgdir:.../'
)
(/sw/share/texmf-local/tex/tex4ht/html4-math.4ht
version 2003-04-11-18:57
)
\:tokwrite=\toks16
\:tokpage=\toks17
--- Note --- for back links to toc, use the command line option `sections+'
--- Note --- for linear crosslinks of pages, use the command line option `next'

\openout15 = `NNexusCode.4ct'.

\:tocout=\write4
\openout4 = `NNexusCode.4tc'.


(/sw/share/texmf-local/tex/tex4ht/html4.4ht
version 2003-04-11-18:57
)
(/sw/share/texmf-local/tex/tex4ht/html4-math.4ht
version 2003-04-11-18:57
)
(/sw/share/texmf-local/tex/tex4ht/latex.4ht
version 2003-04-11-18:58
--- Note --- for links into captions, instead of float heads, use the command l
ine option `refcaption'

(/sw/share/texmf-local/tex/tex4ht/html4.4ht
version 2003-04-11-18:57
--- Note --- for stricter html code, use the command line option `html+'
--- Note --- for inline footnotes use command line option `fn-in'
--- Note --- for bitmap fbox'es, use the command line option `pic-fbox'
--- Note --- for bitmap framebox'es, use the command line option `pic-framebox'

--- Note --- for tracing of latex font commands, use the command line option `f
onts'
)
(/sw/share/texmf-local/tex/tex4ht/html4-math.4ht
version 2003-04-11-18:57
--- Note --- for pictorial $...$ environments, use the command line option `pic
-m' (not recommended!!)
))
(/sw/share/texmf-local/tex/tex4ht/fontmath.4ht
version 2003-04-11-18:58

(/sw/share/texmf-local/tex/tex4ht/html4.4ht
version 2003-04-11-18:57
)
(/sw/share/texmf-local/tex/tex4ht/html4-math.4ht
version 2003-04-11-18:57
))
(/sw/share/texmf-local/tex/tex4ht/article.4ht
version 2003-04-11-18:58

(/sw/share/texmf-local/tex/tex4ht/html4.4ht
version 2003-04-11-18:57
--- Note --- for automatic sectioning pagination, use the command line option `
1', `2', or `3'
)
(/sw/share/texmf-local/tex/tex4ht/html4-math.4ht
version 2003-04-11-18:57
))
(/sw/share/texmf-local/tex/tex4ht/graphics.4ht
version 2003-04-11-18:58

(/sw/share/texmf-local/tex/tex4ht/html4.4ht
version 2003-04-11-18:57
)
(/sw/share/texmf-local/tex/tex4ht/html4-math.4ht
version 2003-04-11-18:57
))
(/sw/share/texmf-local/tex/tex4ht/html4.4ht
version 2003-04-11-18:57
)
(/sw/share/texmf-local/tex/tex4ht/html4-math.4ht
version 2003-04-11-18:57
)) (./NNexusCode.aux)
\openout1 = `NNexusCode.aux'.

LaTeX Font Info:    Checking defaults for OML/cmm/m/it on input line 8.
LaTeX Font Info:    ... okay on input line 8.
LaTeX Font Info:    Checking defaults for T1/cmr/m/n on input line 8.
LaTeX Font Info:    ... okay on input line 8.
LaTeX Font Info:    Checking defaults for OT1/cmr/m/n on input line 8.
LaTeX Font Info:    ... okay on input line 8.
LaTeX Font Info:    Checking defaults for OMS/cmsy/m/n on input line 8.
LaTeX Font Info:    ... okay on input line 8.
LaTeX Font Info:    Checking defaults for OMX/cmex/m/n on input line 8.
LaTeX Font Info:    ... okay on input line 8.
LaTeX Font Info:    Checking defaults for U/cmr/m/n on input line 8.
LaTeX Font Info:    ... okay on input line 8.
--- file NNexusCode.css ---
 [1

]
[2]
LaTeX Font Info:    External font `cmex10' loaded for size
(Font)              <12> on input line 10.
LaTeX Font Info:    External font `cmex10' loaded for size
(Font)              <8> on input line 10.
LaTeX Font Info:    External font `cmex10' loaded for size
(Font)              <6> on input line 10.
 [3] [4

]
l. 36 Writing NNexusCode.idv[1] (NNexusCode0x.gif)
File: figures/nnexus-arch.eps Graphic file (type eps)
 <figures/nnexus-arch.eps> [5

] [6

] [7

]
l. 53 Writing NNexusCode.idv[2] (NNexusCode1x.gif)
File: figures/struct_concept_map.eps Graphic file (type eps)

<figures/struct_concept_map.eps> [8

] [9

] [10

]
l. 64 Writing NNexusCode.idv[3] (NNexusCode2x.gif)
File: figures/struct_inval.eps Graphic file (type eps)
 <figures/struct_inval.eps>
[11

]
LaTeX Font Info:    Try loading font information for OMS+cmr on input line 81.
 (/sw/share/texmf-dist/tex/latex/base/omscmr.fd
File: omscmr.fd 1999/05/25 v2.5h Standard LaTeX font definitions
)
LaTeX Font Info:    Font shape `OMS/cmr/m/n' in size <10> not available
(Font)              Font shape `OMS/cmsy/m/n' tried instead on input line 81.
 [12

] [13]
LaTeX Font Info:    External font `cmex10' loaded for size
(Font)              <7> on input line 119.
LaTeX Font Info:    External font `cmex10' loaded for size
(Font)              <5> on input line 119.
 [14] [15]
[16] [17

]
l. 203 Writing NNexusCode.idv[4] (NNexusCode3x.gif)
File: figures/NNexusModuleDep.eps Graphic file (type eps)
 <figures/NNexusModuleDep.eps> [18

] [19

] (./NNexusCode.aux) ) 
Here is how much of TeX's memory you used:
 3658 strings out of 94501
 38962 string characters out of 1176137
 161780 words of memory out of 1000000
 6805 multiletter control sequences out of 10000+50000
 8710 words of font info for 31 fonts, out of 500000 for 2000
 580 hyphenation exceptions out of 1000
 28i,6n,25p,1085b,458s stack positions out of 1500i,500n,5000p,200000b,5000s

Output written on NNexusCode.dvi (19 pages, 35644 bytes).
